<?xml version="1.0" encoding="UTF-8"?>
<!-- Generated by org.testng.reporters.JUnitXMLReporter -->
<testsuite hostname="metins-MacBook.local" ignored="0" name="Test" tests="8" failures="4" timestamp="2020-09-01T19:55:01 EDT" time="48.384" errors="0">
  <testcase name="loginFormText" time="0.093" classname="com.syntax.class2.HardAssertionExample">
    <failure type="java.lang.AssertionError" message="Text on the Login panel is not matched expected [LOGIN Panels] but found [LOGIN Panel]">
      <![CDATA[java.lang.AssertionError: Text on the Login panel is not matched expected [LOGIN Panels] but found [LOGIN Panel]
at com.syntax.class2.HardAssertionExample.loginFormText(HardAssertionExample.java:45)
at java.util.ArrayList.forEach(ArrayList.java:1257)
... Removed 32 stack frames]]>
    </failure>
  </testcase> <!-- loginFormText -->
  <testcase name="logoValidation" time="0.088" classname="com.syntax.class2.HardAssertionExample"/>
  <testcase name="titleValidation" time="0.034" classname="com.syntax.class2.HardAssertionExample">
    <failure type="java.lang.AssertionError" message="expected [Human Management Systems] but found [Human Management System]">
      <![CDATA[java.lang.AssertionError: expected [Human Management Systems] but found [Human Management System]
at com.syntax.class2.HardAssertionExample.titleValidation(HardAssertionExample.java:32)
at java.util.ArrayList.forEach(ArrayList.java:1257)
... Removed 33 stack frames]]>
    </failure>
  </testcase> <!-- titleValidation -->
  <testcase name="validLogin" time="2.249" classname="com.syntax.class2.Depencty"/>
  <testcase name="invalidLogin" time="0.272" classname="com.syntax.class2.Depencty"/>
  <testcase name="invalidLoginError" time="7.399" classname="com.syntax.class2.SoftAssertionExample1">
    <failure type="java.lang.AssertionError" message="The following asserts failed:
	expected [Invalid credential] but found [Invalid credentials],
	expected [Password cannot be] but found [Password cannot be empty]">
      <![CDATA[java.lang.AssertionError: The following asserts failed:
expected [Invalid credential] but found [Invalid credentials],
expected [Password cannot be] but found [Password cannot be empty]
at com.syntax.class2.SoftAssertionExample1.invalidLoginError(SoftAssertionExample1.java:55)
at java.util.ArrayList.forEach(ArrayList.java:1257)
... Removed 29 stack frames]]>
    </failure>
  </testcase> <!-- invalidLoginError -->
  <testcase name="invalidLoginError" time="7.273" classname="com.syntax.class2.SoftAssertionExample">
    <failure type="java.lang.AssertionError" message="The following asserts failed:
	expected [Invalid credential] but found [Invalid credentials],
	expected [Password cannot be] but found [Password cannot be empty]">
      <![CDATA[java.lang.AssertionError: The following asserts failed:
expected [Invalid credential] but found [Invalid credentials],
expected [Password cannot be] but found [Password cannot be empty]
at com.syntax.class2.SoftAssertionExample.invalidLoginError(SoftAssertionExample.java:55)
at java.util.ArrayList.forEach(ArrayList.java:1257)
... Removed 29 stack frames]]>
    </failure>
  </testcase> <!-- invalidLoginError -->
  <testcase name="titleValidation" time="0.011" classname="com.syntax.class2.IssueWithoutAssert"/>
</testsuite> <!-- Test -->
